<?xml version="1.0" encoding="UTF-8"?>
<testsuite xmlns:xsi="http://www.w3.org/2001/XMLSchema-instance" xsi:noNamespaceSchemaLocation="https://maven.apache.org/surefire/maven-surefire-plugin/xsd/surefire-test-report.xsd" name="org.springframework.samples.petclinic.web.OwnerControllerTests" time="0.951" tests="11" errors="0" skipped="0" failures="0">
  <properties>
[...]
</properties>
  <testcase name="testProcessUpdateOwnerFormHasErrors" classname="org.springframework.samples.petclinic.web.OwnerControllerTests" time="0.147"/>
  <testcase name="testProcessCreationFormSuccess" classname="org.springframework.samples.petclinic.web.OwnerControllerTests" time="0.073"/>
  <testcase name="testInitFindForm" classname="org.springframework.samples.petclinic.web.OwnerControllerTests" time="0.041"/>
  <testcase name="testShowOwner" classname="org.springframework.samples.petclinic.web.OwnerControllerTests" time="0.08"/>
  <testcase name="testInitUpdateOwnerForm" classname="org.springframework.samples.petclinic.web.OwnerControllerTests" time="0.031"/>
  <testcase name="testInitCreationForm" classname="org.springframework.samples.petclinic.web.OwnerControllerTests" time="0.025"/>
  <testcase name="testProcessFindFormByLastName" classname="org.springframework.samples.petclinic.web.OwnerControllerTests" time="0.038"/>
  <testcase name="testProcessFindFormNoOwnersFound" classname="org.springframework.samples.petclinic.web.OwnerControllerTests" time="0.029"/>
  <testcase name="testProcessFindFormSuccess" classname="org.springframework.samples.petclinic.web.OwnerControllerTests" time="0.036"/>
  <testcase name="testProcessUpdateOwnerFormSuccess" classname="org.springframework.samples.petclinic.web.OwnerControllerTests" time="0.067"/>
  <testcase name="testProcessCreationFormHasErrors" classname="org.springframework.samples.petclinic.web.OwnerControllerTests" time="0.064"/>
</testsuite>